android/app/build/intermediates/manifest_merge_blame_file/release/manifest-merger-blame-release-report.txt
1<?xml version="1.0" encoding="utf-8"?>
2<manifest xmlns:android="http://schemas.android.com/apk/res/android"
3    package="com.alsyahd"
4    android:versionCode="1"
5    android:versionName="1.0" >
6
7    <uses-sdk
8        android:minSdkVersion="21"
8-->src\main\AndroidManifest.xml
9        android:targetSdkVersion="31" />
9-->src\main\AndroidManifest.xml
10
11    <uses-permission android:name="android.permission.INTERNET" />
11-->src\main\AndroidManifest.xml:4:3-65
11-->src\main\AndroidManifest.xml:4:20-62
12    <uses-permission android:name="android.permission.CAMERA" />
12-->src\main\AndroidManifest.xml:5:3-63
12-->src\main\AndroidManifest.xml:5:20-60
13    <uses-permission android:name="android.permission.ACCESS_FINE_LOCATION" />
13-->src\main\AndroidManifest.xml:6:3-76
13-->src\main\AndroidManifest.xml:6:20-74
14    <uses-permission android:name="android.permission.ACCESS_COARSE_LOCATION" />
14-->src\main\AndroidManifest.xml:7:3-78
14-->src\main\AndroidManifest.xml:7:20-76
15    <uses-permission android:name="android.permission.QUERY_ALL_PACKAGES" />
15-->src\main\AndroidManifest.xml:8:3-75
15-->src\main\AndroidManifest.xml:8:20-72
16
17    <uses-feature
17-->src\main\AndroidManifest.xml:9:3-83
18        android:name="android.hardware.camera"
18-->src\main\AndroidManifest.xml:9:17-55
19        android:required="false" />
19-->src\main\AndroidManifest.xml:9:56-80
20    <uses-feature
20-->src\main\AndroidManifest.xml:10:3-89
21        android:name="android.hardware.camera.front"
21-->src\main\AndroidManifest.xml:10:17-61
22        android:required="false" />
22-->src\main\AndroidManifest.xml:10:62-86
23
24    <uses-permission android:name="android.permission.WAKE_LOCK" />
24-->[:react-native-firebase_auth] AndroidManifest.xml:10:5-68
24-->[:react-native-firebase_auth] AndroidManifest.xml:10:22-65
25    <uses-permission android:name="android.permission.ACCESS_NETWORK_STATE" />
25-->[:react-native-firebase_auth] AndroidManifest.xml:11:5-79
25-->[:react-native-firebase_auth] AndroidManifest.xml:11:22-76
26    <uses-permission android:name="android.permission.WRITE_EXTERNAL_STORAGE" />
26-->[:react-native-fs] AndroidManifest.xml:9:5-81
26-->[:react-native-fs] AndroidManifest.xml:9:22-78
27
28    <queries>
28-->[:react-native-image-crop-picker] AndroidManifest.xml:9:5-13:15
29        <intent>
29-->[:react-native-image-crop-picker] AndroidManifest.xml:10:9-12:18
30            <action android:name="android.media.action.IMAGE_CAPTURE" />
30-->[:react-native-image-crop-picker] AndroidManifest.xml:11:13-73
30-->[:react-native-image-crop-picker] AndroidManifest.xml:11:21-70
31        </intent>
32        <!-- Needs to be explicitly declared on Android R+ -->
33        <package android:name="com.google.android.apps.maps" />
33-->[com.google.android.gms:play-services-maps:18.0.2] AndroidManifest.xml:33:9-64
33-->[com.google.android.gms:play-services-maps:18.0.2] AndroidManifest.xml:33:18-61
34    </queries>
35
36    <uses-feature
36-->[com.google.android.gms:play-services-maps:18.0.2] AndroidManifest.xml:26:5-28:35
37        android:glEsVersion="0x00020000"
37-->[com.google.android.gms:play-services-maps:18.0.2] AndroidManifest.xml:27:9-41
38        android:required="true" />
38-->[com.google.android.gms:play-services-maps:18.0.2] AndroidManifest.xml:28:9-32
39
40    <uses-permission android:name="android.permission.RECEIVE_BOOT_COMPLETED" />
40-->[androidx.work:work-runtime:2.7.1] AndroidManifest.xml:27:5-81
40-->[androidx.work:work-runtime:2.7.1] AndroidManifest.xml:27:22-78
41    <uses-permission android:name="android.permission.FOREGROUND_SERVICE" />
41-->[androidx.work:work-runtime:2.7.1] AndroidManifest.xml:28:5-77
41-->[androidx.work:work-runtime:2.7.1] AndroidManifest.xml:28:22-74
42
43    <application
43-->src\main\AndroidManifest.xml:12:3-36:17
44        android:name="com.alsyahd.MainApplication"
44-->src\main\AndroidManifest.xml:13:5-36
45        android:allowBackup="false"
45-->src\main\AndroidManifest.xml:17:5-32
46        android:appComponentFactory="androidx.core.app.CoreComponentFactory"
46-->[androidx.core:core:1.7.0] AndroidManifest.xml:24:18-86
47        android:icon="@mipmap/ic_launcher"
47-->src\main\AndroidManifest.xml:15:5-39
48        android:label="@string/app_name"
48-->src\main\AndroidManifest.xml:14:5-37
49        android:roundIcon="@mipmap/ic_launcher_round"
49-->src\main\AndroidManifest.xml:16:5-50
50        android:theme="@style/AppTheme"
50-->src\main\AndroidManifest.xml:18:5-36
51        android:usesCleartextTraffic="true" >
51-->src\main\AndroidManifest.xml:19:5-40
52        <activity
52-->src\main\AndroidManifest.xml:21:5-35:16
53            android:name="com.alsyahd.MainActivity"
53-->src\main\AndroidManifest.xml:22:7-35
54            android:configChanges="keyboard|keyboardHidden|orientation|screenLayout|screenSize|smallestScreenSize|uiMode"
54-->src\main\AndroidManifest.xml:24:7-116
55            android:exported="true"
55-->src\main\AndroidManifest.xml:27:7-30
56            android:label="@string/app_name"
56-->src\main\AndroidManifest.xml:23:7-39
57            android:launchMode="singleTask"
57-->src\main\AndroidManifest.xml:25:7-38
58            android:windowSoftInputMode="adjustResize" >
58-->src\main\AndroidManifest.xml:26:7-49
59            <intent-filter>
59-->src\main\AndroidManifest.xml:29:7-34:23
60                <action android:name="android.intent.action.MAIN" />
60-->src\main\AndroidManifest.xml:30:9-61
60-->src\main\AndroidManifest.xml:30:17-58
61
62                <category android:name="android.intent.category.LAUNCHER" />
62-->src\main\AndroidManifest.xml:31:9-69
62-->src\main\AndroidManifest.xml:31:19-66
63
64                <action android:name="android.intent.action.VIEW" />
64-->src\main\AndroidManifest.xml:32:10-62
64-->src\main\AndroidManifest.xml:32:18-59
65
66                <data
66-->src\main\AndroidManifest.xml:33:11-59
67                    android:host="*"
67-->src\main\AndroidManifest.xml:33:40-56
68                    android:scheme="https" />
68-->src\main\AndroidManifest.xml:33:17-39
69            </intent-filter>
70        </activity>
71
72        <meta-data
72-->[:react-native-firebase_app] AndroidManifest.xml:11:9-13:36
73            android:name="app_data_collection_default_enabled"
73-->[:react-native-firebase_app] AndroidManifest.xml:12:13-63
74            android:value="true" />
74-->[:react-native-firebase_app] AndroidManifest.xml:13:13-33
75
76        <service
76-->[:react-native-firebase_app] AndroidManifest.xml:15:9-23:19
77            android:name="com.google.firebase.components.ComponentDiscoveryService"
77-->[:react-native-firebase_app] AndroidManifest.xml:16:13-84
78            android:directBootAware="true"
78-->[:react-native-firebase_app] AndroidManifest.xml:17:13-43
79            android:exported="false" >
79-->[:react-native-firebase_app] AndroidManifest.xml:18:13-37
80            <meta-data
80-->[:react-native-firebase_app] AndroidManifest.xml:20:13-22:85
81                android:name="com.google.firebase.components:io.invertase.firebase.app.ReactNativeFirebaseAppRegistrar"
81-->[:react-native-firebase_app] AndroidManifest.xml:21:17-120
82                android:value="com.google.firebase.components.ComponentRegistrar" />
82-->[:react-native-firebase_app] AndroidManifest.xml:22:17-82
83            <meta-data
83-->[com.google.firebase:firebase-storage:20.2.1] AndroidManifest.xml:32:13-34:85
84                android:name="com.google.firebase.components:com.google.firebase.storage.StorageRegistrar"
84-->[com.google.firebase:firebase-storage:20.2.1] AndroidManifest.xml:33:17-107
85                android:value="com.google.firebase.components.ComponentRegistrar" />
85-->[com.google.firebase:firebase-storage:20.2.1] AndroidManifest.xml:34:17-82
86            <meta-data
86-->[com.google.firebase:firebase-auth:22.1.2] AndroidManifest.xml:69:13-71:85
87                android:name="com.google.firebase.components:com.google.firebase.auth.FirebaseAuthRegistrar"
87-->[com.google.firebase:firebase-auth:22.1.2] AndroidManifest.xml:70:17-109
88                android:value="com.google.firebase.components.ComponentRegistrar" />
88-->[com.google.firebase:firebase-auth:22.1.2] AndroidManifest.xml:71:17-82
89            <meta-data
89-->[com.google.firebase:firebase-firestore:24.8.1] AndroidManifest.xml:17:13-19:85
90                android:name="com.google.firebase.components:com.google.firebase.firestore.FirestoreRegistrar"
90-->[com.google.firebase:firebase-firestore:24.8.1] AndroidManifest.xml:18:17-111
91                android:value="com.google.firebase.components.ComponentRegistrar" />
91-->[com.google.firebase:firebase-firestore:24.8.1] AndroidManifest.xml:19:17-82
92            <meta-data
92-->[com.google.firebase:firebase-database:20.2.2] AndroidManifest.xml:31:13-33:85
93                android:name="com.google.firebase.components:com.google.firebase.database.DatabaseRegistrar"
93-->[com.google.firebase:firebase-database:20.2.2] AndroidManifest.xml:32:17-109
94                android:value="com.google.firebase.components.ComponentRegistrar" />
94-->[com.google.firebase:firebase-database:20.2.2] AndroidManifest.xml:33:17-82
95        </service>
96
97        <provider
97-->[:react-native-firebase_app] AndroidManifest.xml:25:9-29:38
98            android:name="io.invertase.firebase.app.ReactNativeFirebaseAppInitProvider"
98-->[:react-native-firebase_app] AndroidManifest.xml:26:13-88
99            android:authorities="com.alsyahd.reactnativefirebaseappinitprovider"
99-->[:react-native-firebase_app] AndroidManifest.xml:27:13-86
100            android:exported="false"
100-->[:react-native-firebase_app] AndroidManifest.xml:28:13-37
101            android:initOrder="99" />
101-->[:react-native-firebase_app] AndroidManifest.xml:29:13-35
102        <provider
102-->[:react-native-image-crop-picker] AndroidManifest.xml:18:9-26:20
103            android:name="com.reactnative.ivpusic.imagepicker.IvpusicImagePickerFileProvider"
103-->[:react-native-image-crop-picker] AndroidManifest.xml:19:13-94
104            android:authorities="com.alsyahd.provider"
104-->[:react-native-image-crop-picker] AndroidManifest.xml:20:13-60
105            android:exported="false"
105-->[:react-native-image-crop-picker] AndroidManifest.xml:21:13-37
106            android:grantUriPermissions="true" >
106-->[:react-native-image-crop-picker] AndroidManifest.xml:22:13-47
107            <meta-data
107-->[:react-native-image-crop-picker] AndroidManifest.xml:23:13-25:78
108                android:name="android.support.FILE_PROVIDER_PATHS"
108-->[:react-native-image-crop-picker] AndroidManifest.xml:24:17-67
109                android:resource="@xml/ivpusic_imagepicker_provider_paths" />
109-->[:react-native-image-crop-picker] AndroidManifest.xml:25:17-75
110        </provider>
111
112        <activity
112-->[:react-native-image-crop-picker] AndroidManifest.xml:28:9-30:72
113            android:name="com.yalantis.ucrop.UCropActivity"
113-->[:react-native-image-crop-picker] AndroidManifest.xml:29:13-60
114            android:theme="@style/Theme.AppCompat.Light.NoActionBar" />
114-->[:react-native-image-crop-picker] AndroidManifest.xml:30:13-69
115
116        <provider
116-->[:react-native-webview] AndroidManifest.xml:10:9-18:20
117            android:name="com.reactnativecommunity.webview.RNCWebViewFileProvider"
117-->[:react-native-webview] AndroidManifest.xml:11:13-83
118            android:authorities="com.alsyahd.fileprovider"
118-->[:react-native-webview] AndroidManifest.xml:12:13-64
119            android:exported="false"
119-->[:react-native-webview] AndroidManifest.xml:13:13-37
120            android:grantUriPermissions="true" >
120-->[:react-native-webview] AndroidManifest.xml:14:13-47
121            <meta-data
121-->[:react-native-image-crop-picker] AndroidManifest.xml:23:13-25:78
122                android:name="android.support.FILE_PROVIDER_PATHS"
122-->[:react-native-image-crop-picker] AndroidManifest.xml:24:17-67
123                android:resource="@xml/file_provider_paths" />
123-->[:react-native-image-crop-picker] AndroidManifest.xml:25:17-75
124        </provider>
125
126        <activity
126-->[com.google.firebase:firebase-auth:22.1.2] AndroidManifest.xml:29:9-46:20
127            android:name="com.google.firebase.auth.internal.GenericIdpActivity"
127-->[com.google.firebase:firebase-auth:22.1.2] AndroidManifest.xml:30:13-80
128            android:excludeFromRecents="true"
128-->[com.google.firebase:firebase-auth:22.1.2] AndroidManifest.xml:31:13-46
129            android:exported="true"
129-->[com.google.firebase:firebase-auth:22.1.2] AndroidManifest.xml:32:13-36
130            android:launchMode="singleTask"
130-->[com.google.firebase:firebase-auth:22.1.2] AndroidManifest.xml:33:13-44
131            android:theme="@android:style/Theme.Translucent.NoTitleBar" >
131-->[com.google.firebase:firebase-auth:22.1.2] AndroidManifest.xml:34:13-72
132            <intent-filter>
132-->[com.google.firebase:firebase-auth:22.1.2] AndroidManifest.xml:35:13-45:29
133                <action android:name="android.intent.action.VIEW" />
133-->src\main\AndroidManifest.xml:32:10-62
133-->src\main\AndroidManifest.xml:32:18-59
134
135                <category android:name="android.intent.category.DEFAULT" />
135-->[com.google.firebase:firebase-auth:22.1.2] AndroidManifest.xml:38:17-76
135-->[com.google.firebase:firebase-auth:22.1.2] AndroidManifest.xml:38:27-73
136                <category android:name="android.intent.category.BROWSABLE" />
136-->[com.google.firebase:firebase-auth:22.1.2] AndroidManifest.xml:39:17-78
136-->[com.google.firebase:firebase-auth:22.1.2] AndroidManifest.xml:39:27-75
137
138                <data
138-->src\main\AndroidManifest.xml:33:11-59
139                    android:host="firebase.auth"
139-->src\main\AndroidManifest.xml:33:40-56
140                    android:path="/"
141                    android:scheme="genericidp" />
141-->src\main\AndroidManifest.xml:33:17-39
142            </intent-filter>
143        </activity>
144        <activity
144-->[com.google.firebase:firebase-auth:22.1.2] AndroidManifest.xml:47:9-64:20
145            android:name="com.google.firebase.auth.internal.RecaptchaActivity"
145-->[com.google.firebase:firebase-auth:22.1.2] AndroidManifest.xml:48:13-79
146            android:excludeFromRecents="true"
146-->[com.google.firebase:firebase-auth:22.1.2] AndroidManifest.xml:49:13-46
147            android:exported="true"
147-->[com.google.firebase:firebase-auth:22.1.2] AndroidManifest.xml:50:13-36
148            android:launchMode="singleTask"
148-->[com.google.firebase:firebase-auth:22.1.2] AndroidManifest.xml:51:13-44
149            android:theme="@android:style/Theme.Translucent.NoTitleBar" >
149-->[com.google.firebase:firebase-auth:22.1.2] AndroidManifest.xml:52:13-72
150            <intent-filter>
150-->[com.google.firebase:firebase-auth:22.1.2] AndroidManifest.xml:53:13-63:29
151                <action android:name="android.intent.action.VIEW" />
151-->src\main\AndroidManifest.xml:32:10-62
151-->src\main\AndroidManifest.xml:32:18-59
152
153                <category android:name="android.intent.category.DEFAULT" />
153-->[com.google.firebase:firebase-auth:22.1.2] AndroidManifest.xml:38:17-76
153-->[com.google.firebase:firebase-auth:22.1.2] AndroidManifest.xml:38:27-73
154                <category android:name="android.intent.category.BROWSABLE" />
154-->[com.google.firebase:firebase-auth:22.1.2] AndroidManifest.xml:39:17-78
154-->[com.google.firebase:firebase-auth:22.1.2] AndroidManifest.xml:39:27-75
155
156                <data
156-->src\main\AndroidManifest.xml:33:11-59
157                    android:host="firebase.auth"
157-->src\main\AndroidManifest.xml:33:40-56
158                    android:path="/"
159                    android:scheme="recaptcha" />
159-->src\main\AndroidManifest.xml:33:17-39
160            </intent-filter>
161        </activity>
162
163        <provider
163-->[com.google.firebase:firebase-common:20.3.3] AndroidManifest.xml:25:9-30:39
164            android:name="com.google.firebase.provider.FirebaseInitProvider"
164-->[com.google.firebase:firebase-common:20.3.3] AndroidManifest.xml:26:13-77
165            android:authorities="com.alsyahd.firebaseinitprovider"
165-->[com.google.firebase:firebase-common:20.3.3] AndroidManifest.xml:27:13-72
166            android:directBootAware="true"
166-->[com.google.firebase:firebase-common:20.3.3] AndroidManifest.xml:28:13-43
167            android:exported="false"
167-->[com.google.firebase:firebase-common:20.3.3] AndroidManifest.xml:29:13-37
168            android:initOrder="100" />
168-->[com.google.firebase:firebase-common:20.3.3] AndroidManifest.xml:30:13-36
169
170        <meta-data
170-->[com.github.bumptech.glide:okhttp3-integration:4.12.0] AndroidManifest.xml:11:9-13:43
171            android:name="com.bumptech.glide.integration.okhttp3.OkHttpGlideModule"
171-->[com.github.bumptech.glide:okhttp3-integration:4.12.0] AndroidManifest.xml:12:13-84
172            android:value="GlideModule" />
172-->[com.github.bumptech.glide:okhttp3-integration:4.12.0] AndroidManifest.xml:13:13-40
173
174        <activity
174-->[com.google.android.gms:play-services-auth:20.3.0] AndroidManifest.xml:23:9-27:75
175            android:name="com.google.android.gms.auth.api.signin.internal.SignInHubActivity"
175-->[com.google.android.gms:play-services-auth:20.3.0] AndroidManifest.xml:24:13-93
176            android:excludeFromRecents="true"
176-->[com.google.android.gms:play-services-auth:20.3.0] AndroidManifest.xml:25:13-46
177            android:exported="false"
177-->[com.google.android.gms:play-services-auth:20.3.0] AndroidManifest.xml:26:13-37
178            android:theme="@android:style/Theme.Translucent.NoTitleBar" />
178-->[com.google.android.gms:play-services-auth:20.3.0] AndroidManifest.xml:27:13-72
179        <!--
180            Service handling Google Sign-In user revocation. For apps that do not integrate with
181            Google Sign-In, this service will never be started.
182        -->
183        <service
183-->[com.google.android.gms:play-services-auth:20.3.0] AndroidManifest.xml:33:9-37:51
184            android:name="com.google.android.gms.auth.api.signin.RevocationBoundService"
184-->[com.google.android.gms:play-services-auth:20.3.0] AndroidManifest.xml:34:13-89
185            android:exported="true"
185-->[com.google.android.gms:play-services-auth:20.3.0] AndroidManifest.xml:35:13-36
186            android:permission="com.google.android.gms.auth.api.signin.permission.REVOCATION_NOTIFICATION"
186-->[com.google.android.gms:play-services-auth:20.3.0] AndroidManifest.xml:36:13-107
187            android:visibleToInstantApps="true" /> <!-- Needs to be explicitly declared on P+ -->
187-->[com.google.android.gms:play-services-auth:20.3.0] AndroidManifest.xml:37:13-48
188        <uses-library
188-->[com.google.android.gms:play-services-maps:18.0.2] AndroidManifest.xml:39:9-41:40
189            android:name="org.apache.http.legacy"
189-->[com.google.android.gms:play-services-maps:18.0.2] AndroidManifest.xml:40:13-50
190            android:required="false" />
190-->[com.google.android.gms:play-services-maps:18.0.2] AndroidManifest.xml:41:13-37
191
192        <activity
192-->[com.google.android.gms:play-services-base:18.1.0] AndroidManifest.xml:20:9-22:45
193            android:name="com.google.android.gms.common.api.GoogleApiActivity"
193-->[com.google.android.gms:play-services-base:18.1.0] AndroidManifest.xml:20:19-85
194            android:exported="false"
194-->[com.google.android.gms:play-services-base:18.1.0] AndroidManifest.xml:22:19-43
195            android:theme="@android:style/Theme.Translucent.NoTitleBar" />
195-->[com.google.android.gms:play-services-base:18.1.0] AndroidManifest.xml:21:19-78
196
197        <provider
197-->[androidx.work:work-runtime:2.7.1] AndroidManifest.xml:31:9-39:20
198            android:name="androidx.startup.InitializationProvider"
198-->[androidx.work:work-runtime:2.7.1] AndroidManifest.xml:32:13-67
199            android:authorities="com.alsyahd.androidx-startup"
199-->[androidx.work:work-runtime:2.7.1] AndroidManifest.xml:33:13-68
200            android:exported="false" >
200-->[androidx.work:work-runtime:2.7.1] AndroidManifest.xml:34:13-37
201            <meta-data
201-->[androidx.work:work-runtime:2.7.1] AndroidManifest.xml:36:13-38:52
202                android:name="androidx.work.WorkManagerInitializer"
202-->[androidx.work:work-runtime:2.7.1] AndroidManifest.xml:37:17-68
203                android:value="androidx.startup" />
203-->[androidx.work:work-runtime:2.7.1] AndroidManifest.xml:38:17-49
204            <meta-data
204-->[androidx.emoji2:emoji2:1.0.0] AndroidManifest.xml:31:13-33:52
205                android:name="androidx.emoji2.text.EmojiCompatInitializer"
205-->[androidx.emoji2:emoji2:1.0.0] AndroidManifest.xml:32:17-75
206                android:value="androidx.startup" />
206-->[androidx.emoji2:emoji2:1.0.0] AndroidManifest.xml:33:17-49
207            <meta-data
207-->[androidx.lifecycle:lifecycle-process:2.4.0] AndroidManifest.xml:31:13-33:52
208                android:name="androidx.lifecycle.ProcessLifecycleInitializer"
208-->[androidx.lifecycle:lifecycle-process:2.4.0] AndroidManifest.xml:32:17-78
209                android:value="androidx.startup" />
209-->[androidx.lifecycle:lifecycle-process:2.4.0] AndroidManifest.xml:33:17-49
210        </provider>
211
212        <service
212-->[androidx.work:work-runtime:2.7.1] AndroidManifest.xml:41:9-46:35
213            android:name="androidx.work.impl.background.systemalarm.SystemAlarmService"
213-->[androidx.work:work-runtime:2.7.1] AndroidManifest.xml:42:13-88
214            android:directBootAware="false"
214-->[androidx.work:work-runtime:2.7.1] AndroidManifest.xml:43:13-44
215            android:enabled="@bool/enable_system_alarm_service_default"
215-->[androidx.work:work-runtime:2.7.1] AndroidManifest.xml:44:13-72
216            android:exported="false" />
216-->[androidx.work:work-runtime:2.7.1] AndroidManifest.xml:45:13-37
217        <service
217-->[androidx.work:work-runtime:2.7.1] AndroidManifest.xml:47:9-53:35
218            android:name="androidx.work.impl.background.systemjob.SystemJobService"
218-->[androidx.work:work-runtime:2.7.1] AndroidManifest.xml:48:13-84
219            android:directBootAware="false"
219-->[androidx.work:work-runtime:2.7.1] AndroidManifest.xml:49:13-44
220            android:enabled="@bool/enable_system_job_service_default"
220-->[androidx.work:work-runtime:2.7.1] AndroidManifest.xml:50:13-70
221            android:exported="true"
221-->[androidx.work:work-runtime:2.7.1] AndroidManifest.xml:51:13-36
222            android:permission="android.permission.BIND_JOB_SERVICE" />
222-->[androidx.work:work-runtime:2.7.1] AndroidManifest.xml:52:13-69
223        <service
223-->[androidx.work:work-runtime:2.7.1] AndroidManifest.xml:54:9-59:35
224            android:name="androidx.work.impl.foreground.SystemForegroundService"
224-->[androidx.work:work-runtime:2.7.1] AndroidManifest.xml:55:13-81
225            android:directBootAware="false"
225-->[androidx.work:work-runtime:2.7.1] AndroidManifest.xml:56:13-44
226            android:enabled="@bool/enable_system_foreground_service_default"
226-->[androidx.work:work-runtime:2.7.1] AndroidManifest.xml:57:13-77
227            android:exported="false" />
227-->[androidx.work:work-runtime:2.7.1] AndroidManifest.xml:58:13-37
228
229        <receiver
229-->[androidx.work:work-runtime:2.7.1] AndroidManifest.xml:61:9-66:35
230            android:name="androidx.work.impl.utils.ForceStopRunnable$BroadcastReceiver"
230-->[androidx.work:work-runtime:2.7.1] AndroidManifest.xml:62:13-88
231            android:directBootAware="false"
231-->[androidx.work:work-runtime:2.7.1] AndroidManifest.xml:63:13-44
232            android:enabled="true"
232-->[androidx.work:work-runtime:2.7.1] AndroidManifest.xml:64:13-35
233            android:exported="false" />
233-->[androidx.work:work-runtime:2.7.1] AndroidManifest.xml:65:13-37
234        <receiver
234-->[androidx.work:work-runtime:2.7.1] AndroidManifest.xml:67:9-77:20
235            android:name="androidx.work.impl.background.systemalarm.ConstraintProxy$BatteryChargingProxy"
235-->[androidx.work:work-runtime:2.7.1] AndroidManifest.xml:68:13-106
236            android:directBootAware="false"
236-->[androidx.work:work-runtime:2.7.1] AndroidManifest.xml:69:13-44
237            android:enabled="false"
237-->[androidx.work:work-runtime:2.7.1] AndroidManifest.xml:70:13-36
238            android:exported="false" >
238-->[androidx.work:work-runtime:2.7.1] AndroidManifest.xml:71:13-37
239            <intent-filter>
239-->[androidx.work:work-runtime:2.7.1] AndroidManifest.xml:73:13-76:29
240                <action android:name="android.intent.action.ACTION_POWER_CONNECTED" />
240-->[androidx.work:work-runtime:2.7.1] AndroidManifest.xml:74:17-87
240-->[androidx.work:work-runtime:2.7.1] AndroidManifest.xml:74:25-84
241                <action android:name="android.intent.action.ACTION_POWER_DISCONNECTED" />
241-->[androidx.work:work-runtime:2.7.1] AndroidManifest.xml:75:17-90
241-->[androidx.work:work-runtime:2.7.1] AndroidManifest.xml:75:25-87
242            </intent-filter>
243        </receiver>
244        <receiver
244-->[androidx.work:work-runtime:2.7.1] AndroidManifest.xml:78:9-88:20
245            android:name="androidx.work.impl.background.systemalarm.ConstraintProxy$BatteryNotLowProxy"
245-->[androidx.work:work-runtime:2.7.1] AndroidManifest.xml:79:13-104
246            android:directBootAware="false"
246-->[androidx.work:work-runtime:2.7.1] AndroidManifest.xml:80:13-44
247            android:enabled="false"
247-->[androidx.work:work-runtime:2.7.1] AndroidManifest.xml:81:13-36
248            android:exported="false" >
248-->[androidx.work:work-runtime:2.7.1] AndroidManifest.xml:82:13-37
249            <intent-filter>
249-->[androidx.work:work-runtime:2.7.1] AndroidManifest.xml:84:13-87:29
250                <action android:name="android.intent.action.BATTERY_OKAY" />
250-->[androidx.work:work-runtime:2.7.1] AndroidManifest.xml:85:17-77
250-->[androidx.work:work-runtime:2.7.1] AndroidManifest.xml:85:25-74
251                <action android:name="android.intent.action.BATTERY_LOW" />
251-->[androidx.work:work-runtime:2.7.1] AndroidManifest.xml:86:17-76
251-->[androidx.work:work-runtime:2.7.1] AndroidManifest.xml:86:25-73
252            </intent-filter>
253        </receiver>
254        <receiver
254-->[androidx.work:work-runtime:2.7.1] AndroidManifest.xml:89:9-99:20
255            android:name="androidx.work.impl.background.systemalarm.ConstraintProxy$StorageNotLowProxy"
255-->[androidx.work:work-runtime:2.7.1] AndroidManifest.xml:90:13-104
256            android:directBootAware="false"
256-->[androidx.work:work-runtime:2.7.1] AndroidManifest.xml:91:13-44
257            android:enabled="false"
257-->[androidx.work:work-runtime:2.7.1] AndroidManifest.xml:92:13-36
258            android:exported="false" >
258-->[androidx.work:work-runtime:2.7.1] AndroidManifest.xml:93:13-37
259            <intent-filter>
259-->[androidx.work:work-runtime:2.7.1] AndroidManifest.xml:95:13-98:29
260                <action android:name="android.intent.action.DEVICE_STORAGE_LOW" />
260-->[androidx.work:work-runtime:2.7.1] AndroidManifest.xml:96:17-83
260-->[androidx.work:work-runtime:2.7.1] AndroidManifest.xml:96:25-80
261                <action android:name="android.intent.action.DEVICE_STORAGE_OK" />
261-->[androidx.work:work-runtime:2.7.1] AndroidManifest.xml:97:17-82
261-->[androidx.work:work-runtime:2.7.1] AndroidManifest.xml:97:25-79
262            </intent-filter>
263        </receiver>
264        <receiver
264-->[androidx.work:work-runtime:2.7.1] AndroidManifest.xml:100:9-109:20
265            android:name="androidx.work.impl.background.systemalarm.ConstraintProxy$NetworkStateProxy"
265-->[androidx.work:work-runtime:2.7.1] AndroidManifest.xml:101:13-103
266            android:directBootAware="false"
266-->[androidx.work:work-runtime:2.7.1] AndroidManifest.xml:102:13-44
267            android:enabled="false"
267-->[androidx.work:work-runtime:2.7.1] AndroidManifest.xml:103:13-36
268            android:exported="false" >
268-->[androidx.work:work-runtime:2.7.1] AndroidManifest.xml:104:13-37
269            <intent-filter>
269-->[androidx.work:work-runtime:2.7.1] AndroidManifest.xml:106:13-108:29
270                <action android:name="android.net.conn.CONNECTIVITY_CHANGE" />
270-->[androidx.work:work-runtime:2.7.1] AndroidManifest.xml:107:17-79
270-->[androidx.work:work-runtime:2.7.1] AndroidManifest.xml:107:25-76
271            </intent-filter>
272        </receiver>
273        <receiver
273-->[androidx.work:work-runtime:2.7.1] AndroidManifest.xml:110:9-121:20
274            android:name="androidx.work.impl.background.systemalarm.RescheduleReceiver"
274-->[androidx.work:work-runtime:2.7.1] AndroidManifest.xml:111:13-88
275            android:directBootAware="false"
275-->[androidx.work:work-runtime:2.7.1] AndroidManifest.xml:112:13-44
276            android:enabled="false"
276-->[androidx.work:work-runtime:2.7.1] AndroidManifest.xml:113:13-36
277            android:exported="false" >
277-->[androidx.work:work-runtime:2.7.1] AndroidManifest.xml:114:13-37
278            <intent-filter>
278-->[androidx.work:work-runtime:2.7.1] AndroidManifest.xml:116:13-120:29
279                <action android:name="android.intent.action.BOOT_COMPLETED" />
279-->[androidx.work:work-runtime:2.7.1] AndroidManifest.xml:117:17-79
279-->[androidx.work:work-runtime:2.7.1] AndroidManifest.xml:117:25-76
280                <action android:name="android.intent.action.TIME_SET" />
280-->[androidx.work:work-runtime:2.7.1] AndroidManifest.xml:118:17-73
280-->[androidx.work:work-runtime:2.7.1] AndroidManifest.xml:118:25-70
281                <action android:name="android.intent.action.TIMEZONE_CHANGED" />